<?xml version="1.0" encoding="UTF-8"?>
<!-- Generated by org.testng.reporters.JUnitXMLReporter -->

<testsuite hostname="Acer-PC" ignored="0" name="Test" tests="2" failures="1" timestamp="2021-04-06T22:17:48 IST" time="58.266" errors="0">
  <testcase name="verifySceduleMeeting" time="9.295" classname="testcases.SceduleMeetingTest">
    <failure type="java.lang.ClassCastException" message="com.sun.proxy.$Proxy9 cannot be cast to org.openqa.selenium.By">
      <![CDATA[java.lang.ClassCastException: com.sun.proxy.$Proxy9 cannot be cast to org.openqa.selenium.By
at utilities.WaitFor.elementLocate(WaitFor.java:20)
at testcases.SceduleMeetingTest.verifySceduleMeeting(SceduleMeetingTest.java:32)
at java.util.ArrayList.forEach(Unknown Source)
... Removed 27 stack frames]]>
    </failure>
  </testcase> <!-- verifySceduleMeeting -->
  <testcase name="verifyLogin" time="12.92" classname="testcases.SignInPageTest"/>

<testsuite hostname="DESKTOP-4F08SV1" ignored="0" name="Test" tests="2" failures="0" timestamp="2021-04-06T19:09:33 IST" time="22.736" errors="0">
  <testcase name="@BeforeMethod setUp" time="6.093" classname="basesetup.BaseClass">
    <failure type="customeexceptions.InvalidEnvironementException">
      <![CDATA[customeexceptions.InvalidEnvironementException null
at utilities.Config_properties.getUrl(Config_properties.java:36)
at keywords.UIKeywords.lunchURL(UIKeywords.java:56)
at basesetup.BaseClass.setUp(BaseClass.java:21)
at java.util.ArrayList.forEach(ArrayList.java:1259)
... Removed 31 stack frames]]>
    </failure>
  </testcase> <!-- @BeforeMethod setUp -->
  <testcase name="@AfterMethod tearDown" time="-1.617716356519E9" classname="basesetup.BaseClass">
    <skipped/>
  </testcase> <!-- @AfterMethod tearDown -->
  <testcase name="@BeforeMethod setUp" time="8.637" classname="basesetup.BaseClass">
    <failure type="customeexceptions.InvalidEnvironementException">
      <![CDATA[customeexceptions.InvalidEnvironementException null
at utilities.Config_properties.getUrl(Config_properties.java:36)
at keywords.UIKeywords.lunchURL(UIKeywords.java:56)
at basesetup.BaseClass.setUp(BaseClass.java:21)
at java.util.ArrayList.forEach(ArrayList.java:1259)
... Removed 31 stack frames]]>
    </failure>
  </testcase> <!-- @BeforeMethod setUp -->
  <testcase name="@AfterMethod tearDown" time="-1.617716373126E9" classname="basesetup.BaseClass">
    <skipped/>
  </testcase> <!-- @AfterMethod tearDown -->
  <testcase name="verifySceduleMeeting" time="0.0" classname="testcases.SceduleMeetingTest">
    <skipped/>
  </testcase> <!-- verifySceduleMeeting -->
  <testcase name="verifyLogin" time="0.0" classname="testcases.SignInPageTest">
    <skipped/>
  </testcase> <!-- verifyLogin -->

</testsuite> <!-- Test -->
