<?xml version="1.0" encoding="UTF-8"?>
<!-- Generated by org.testng.reporters.JUnitXMLReporter -->
<testsuite hostname="Acer-PC" ignored="0" name="Test" tests="2" failures="1" timestamp="2021-04-06T22:17:48 IST" time="58.266" errors="0">
  <testcase name="verifySceduleMeeting" time="9.295" classname="testcases.SceduleMeetingTest">
    <failure type="java.lang.ClassCastException" message="com.sun.proxy.$Proxy9 cannot be cast to org.openqa.selenium.By">
      <![CDATA[java.lang.ClassCastException: com.sun.proxy.$Proxy9 cannot be cast to org.openqa.selenium.By
at utilities.WaitFor.elementLocate(WaitFor.java:20)
at testcases.SceduleMeetingTest.verifySceduleMeeting(SceduleMeetingTest.java:32)
at java.util.ArrayList.forEach(Unknown Source)
... Removed 27 stack frames]]>
    </failure>
  </testcase> <!-- verifySceduleMeeting -->
  <testcase name="verifyLogin" time="12.92" classname="testcases.SignInPageTest"/>
</testsuite> <!-- Test -->
