<?xml version="1.0" encoding="UTF-8"?>
<!-- Generated by org.testng.reporters.JUnitXMLReporter -->
<testsuite hostname="DESKTOP-4F08SV1" ignored="1" name="Test(failed)" tests="1" failures="0" timestamp="2021-04-12T18:35:19 IST" time="6.115" errors="0">
  <testcase name="@BeforeMethod setUp" time="6.046" classname="basesetup.BaseClass">
    <failure type="customeexceptions.InvalidEnvironementException">
      <![CDATA[customeexceptions.InvalidEnvironementException null
at utilities.Config_properties.getUrl(Config_properties.java:36)
at keywords.UIKeywords.lunchURL(UIKeywords.java:56)
at basesetup.BaseClass.setUp(BaseClass.java:18)
at java.util.ArrayList.forEach(ArrayList.java:1259)
... Removed 31 stack frames]]>
    </failure>
  </testcase> <!-- @BeforeMethod setUp -->
  <testcase name="@AfterMethod tearDown" time="-1.618232719163E9" classname="basesetup.BaseClass">
    <skipped/>
  </testcase> <!-- @AfterMethod tearDown -->
  <testcase name="verifySceduleMeeting" time="0.0" classname="testcases.SceduleMeetingTest">
    <skipped/>
  </testcase> <!-- verifySceduleMeeting -->
  <testcase name="verifyLogin" time="0.0" classname="testcases.SignInPageTest">
    <ignored/>
  </testcase> <!-- verifyLogin -->
</testsuite> <!-- Test(failed) -->
